2024-04-07 08:55:07,839 INFO    StreamThr :53319 [internal.py:wandb_internal():86] W&B internal server running at pid: 53319, started at: 2024-04-07 08:55:07.838752
2024-04-07 08:55:07,840 DEBUG   HandlerThread:53319 [handler.py:handle_request():146] handle_request: status
2024-04-07 08:55:07,845 INFO    WriterThread:53319 [datastore.py:open_for_write():87] open: /Users/artemon/Library/Mobile Documents/com~apple~CloudDocs/Programming/python_projects/RNN/wandb/run-20240407_085507-sx8bh6qt/run-sx8bh6qt.wandb
2024-04-07 08:55:07,845 DEBUG   SenderThread:53319 [sender.py:send():379] send: header
2024-04-07 08:55:07,868 DEBUG   SenderThread:53319 [sender.py:send():379] send: run
2024-04-07 08:55:11,034 INFO    SenderThread:53319 [retry.py:__call__():172] Retry attempt failed:
Traceback (most recent call last):
  File "/Users/artemon/.local/share/virtualenvs/RNN-j8Y16Los/lib/python3.11/site-packages/urllib3/connection.py", line 198, in _new_conn
    sock = connection.create_connection(
           ^^^^^^^^^^^^^^^^^^^^^^^^^^^^^
  File "/Users/artemon/.local/share/virtualenvs/RNN-j8Y16Los/lib/python3.11/site-packages/urllib3/util/connection.py", line 60, in create_connection
    for res in socket.getaddrinfo(host, port, family, socket.SOCK_STREAM):
               ^^^^^^^^^^^^^^^^^^^^^^^^^^^^^^^^^^^^^^^^^^^^^^^^^^^^^^^^^^
  File "/opt/homebrew/Cellar/python@3.11/3.11.5/Frameworks/Python.framework/Versions/3.11/lib/python3.11/socket.py", line 962, in getaddrinfo
    for res in _socket.getaddrinfo(host, port, family, type, proto, flags):
               ^^^^^^^^^^^^^^^^^^^^^^^^^^^^^^^^^^^^^^^^^^^^^^^^^^^^^^^^^^^
socket.gaierror: [Errno 8] nodename nor servname provided, or not known

The above exception was the direct cause of the following exception:

Traceback (most recent call last):
  File "/Users/artemon/.local/share/virtualenvs/RNN-j8Y16Los/lib/python3.11/site-packages/urllib3/connectionpool.py", line 793, in urlopen
    response = self._make_request(
               ^^^^^^^^^^^^^^^^^^^
  File "/Users/artemon/.local/share/virtualenvs/RNN-j8Y16Los/lib/python3.11/site-packages/urllib3/connectionpool.py", line 491, in _make_request
    raise new_e
  File "/Users/artemon/.local/share/virtualenvs/RNN-j8Y16Los/lib/python3.11/site-packages/urllib3/connectionpool.py", line 467, in _make_request
    self._validate_conn(conn)
  File "/Users/artemon/.local/share/virtualenvs/RNN-j8Y16Los/lib/python3.11/site-packages/urllib3/connectionpool.py", line 1099, in _validate_conn
    conn.connect()
  File "/Users/artemon/.local/share/virtualenvs/RNN-j8Y16Los/lib/python3.11/site-packages/urllib3/connection.py", line 616, in connect
    self.sock = sock = self._new_conn()
                       ^^^^^^^^^^^^^^^^
  File "/Users/artemon/.local/share/virtualenvs/RNN-j8Y16Los/lib/python3.11/site-packages/urllib3/connection.py", line 205, in _new_conn
    raise NameResolutionError(self.host, self, e) from e
urllib3.exceptions.NameResolutionError: <urllib3.connection.HTTPSConnection object at 0x118f53bd0>: Failed to resolve 'api.wandb.ai' ([Errno 8] nodename nor servname provided, or not known)

The above exception was the direct cause of the following exception:

Traceback (most recent call last):
  File "/Users/artemon/.local/share/virtualenvs/RNN-j8Y16Los/lib/python3.11/site-packages/requests/adapters.py", line 486, in send
    resp = conn.urlopen(
           ^^^^^^^^^^^^^
  File "/Users/artemon/.local/share/virtualenvs/RNN-j8Y16Los/lib/python3.11/site-packages/urllib3/connectionpool.py", line 847, in urlopen
    retries = retries.increment(
              ^^^^^^^^^^^^^^^^^^
  File "/Users/artemon/.local/share/virtualenvs/RNN-j8Y16Los/lib/python3.11/site-packages/urllib3/util/retry.py", line 515, in increment
    raise MaxRetryError(_pool, url, reason) from reason  # type: ignore[arg-type]
    ^^^^^^^^^^^^^^^^^^^^^^^^^^^^^^^^^^^^^^^^^^^^^^^^^^^
urllib3.exceptions.MaxRetryError: HTTPSConnectionPool(host='api.wandb.ai', port=443): Max retries exceeded with url: /graphql (Caused by NameResolutionError("<urllib3.connection.HTTPSConnection object at 0x118f53bd0>: Failed to resolve 'api.wandb.ai' ([Errno 8] nodename nor servname provided, or not known)"))

During handling of the above exception, another exception occurred:

Traceback (most recent call last):
  File "/Users/artemon/.local/share/virtualenvs/RNN-j8Y16Los/lib/python3.11/site-packages/wandb/sdk/lib/retry.py", line 131, in __call__
    result = self._call_fn(*args, **kwargs)
             ^^^^^^^^^^^^^^^^^^^^^^^^^^^^^^
  File "/Users/artemon/.local/share/virtualenvs/RNN-j8Y16Los/lib/python3.11/site-packages/wandb/sdk/internal/internal_api.py", line 369, in execute
    return self.client.execute(*args, **kwargs)  # type: ignore
           ^^^^^^^^^^^^^^^^^^^^^^^^^^^^^^^^^^^^
  File "/Users/artemon/.local/share/virtualenvs/RNN-j8Y16Los/lib/python3.11/site-packages/wandb/vendor/gql-0.2.0/wandb_gql/client.py", line 52, in execute
    result = self._get_result(document, *args, **kwargs)
             ^^^^^^^^^^^^^^^^^^^^^^^^^^^^^^^^^^^^^^^^^^^
  File "/Users/artemon/.local/share/virtualenvs/RNN-j8Y16Los/lib/python3.11/site-packages/wandb/vendor/gql-0.2.0/wandb_gql/client.py", line 60, in _get_result
    return self.transport.execute(document, *args, **kwargs)
           ^^^^^^^^^^^^^^^^^^^^^^^^^^^^^^^^^^^^^^^^^^^^^^^^^
  File "/Users/artemon/.local/share/virtualenvs/RNN-j8Y16Los/lib/python3.11/site-packages/wandb/sdk/lib/gql_request.py", line 58, in execute
    request = self.session.post(self.url, **post_args)
              ^^^^^^^^^^^^^^^^^^^^^^^^^^^^^^^^^^^^^^^^
  File "/Users/artemon/.local/share/virtualenvs/RNN-j8Y16Los/lib/python3.11/site-packages/requests/sessions.py", line 637, in post
    return self.request("POST", url, data=data, json=json, **kwargs)
           ^^^^^^^^^^^^^^^^^^^^^^^^^^^^^^^^^^^^^^^^^^^^^^^^^^^^^^^^^
  File "/Users/artemon/.local/share/virtualenvs/RNN-j8Y16Los/lib/python3.11/site-packages/requests/sessions.py", line 589, in request
    resp = self.send(prep, **send_kwargs)
           ^^^^^^^^^^^^^^^^^^^^^^^^^^^^^^
  File "/Users/artemon/.local/share/virtualenvs/RNN-j8Y16Los/lib/python3.11/site-packages/requests/sessions.py", line 703, in send
    r = adapter.send(request, **kwargs)
        ^^^^^^^^^^^^^^^^^^^^^^^^^^^^^^^
  File "/Users/artemon/.local/share/virtualenvs/RNN-j8Y16Los/lib/python3.11/site-packages/requests/adapters.py", line 519, in send
    raise ConnectionError(e, request=request)
requests.exceptions.ConnectionError: HTTPSConnectionPool(host='api.wandb.ai', port=443): Max retries exceeded with url: /graphql (Caused by NameResolutionError("<urllib3.connection.HTTPSConnection object at 0x118f53bd0>: Failed to resolve 'api.wandb.ai' ([Errno 8] nodename nor servname provided, or not known)"))
2024-04-07 08:55:12,889 DEBUG   HandlerThread:53319 [handler.py:handle_request():146] handle_request: keepalive
2024-04-07 08:55:17,906 DEBUG   HandlerThread:53319 [handler.py:handle_request():146] handle_request: keepalive
2024-04-07 08:55:22,917 DEBUG   HandlerThread:53319 [handler.py:handle_request():146] handle_request: keepalive
2024-04-07 08:55:26,117 INFO    SenderThread:53319 [dir_watcher.py:__init__():211] watching files in: /Users/artemon/Library/Mobile Documents/com~apple~CloudDocs/Programming/python_projects/RNN/wandb/run-20240407_085507-sx8bh6qt/files
2024-04-07 08:55:26,117 INFO    SenderThread:53319 [sender.py:_start_run_threads():1124] run started: sx8bh6qt with start time 1712469307.840016
2024-04-07 08:55:26,117 DEBUG   HandlerThread:53319 [handler.py:handle_request():146] handle_request: status_report
2024-04-07 08:55:26,124 DEBUG   HandlerThread:53319 [handler.py:handle_request():146] handle_request: check_version
2024-04-07 08:55:26,124 DEBUG   SenderThread:53319 [sender.py:send_request():406] send_request: check_version
2024-04-07 08:55:26,421 DEBUG   HandlerThread:53319 [handler.py:handle_request():146] handle_request: run_start
2024-04-07 08:55:26,435 DEBUG   HandlerThread:53319 [system_info.py:__init__():26] System info init
2024-04-07 08:55:26,435 DEBUG   HandlerThread:53319 [system_info.py:__init__():41] System info init done
2024-04-07 08:55:26,435 INFO    HandlerThread:53319 [system_monitor.py:start():194] Starting system monitor
2024-04-07 08:55:26,436 INFO    SystemMonitor:53319 [system_monitor.py:_start():158] Starting system asset monitoring threads
2024-04-07 08:55:26,436 INFO    HandlerThread:53319 [system_monitor.py:probe():214] Collecting system info
2024-04-07 08:55:26,436 INFO    SystemMonitor:53319 [interfaces.py:start():190] Started cpu monitoring
2024-04-07 08:55:26,437 INFO    SystemMonitor:53319 [interfaces.py:start():190] Started disk monitoring
2024-04-07 08:55:26,437 DEBUG   HandlerThread:53319 [system_info.py:probe():150] Probing system
2024-04-07 08:55:26,438 INFO    SystemMonitor:53319 [interfaces.py:start():190] Started gpuapple monitoring
2024-04-07 08:55:26,439 INFO    SystemMonitor:53319 [interfaces.py:start():190] Started memory monitoring
2024-04-07 08:55:26,440 INFO    SystemMonitor:53319 [interfaces.py:start():190] Started network monitoring
2024-04-07 08:55:26,444 DEBUG   HandlerThread:53319 [gitlib.py:_init_repo():56] git repository is invalid
2024-04-07 08:55:26,445 DEBUG   HandlerThread:53319 [system_info.py:probe():198] Probing system done
2024-04-07 08:55:26,445 DEBUG   HandlerThread:53319 [system_monitor.py:probe():223] {'os': 'macOS-14.4.1-arm64-arm-64bit', 'python': '3.11.5', 'heartbeatAt': '2024-04-07T05:55:26.438701', 'startedAt': '2024-04-07T05:55:07.830767', 'docker': None, 'cuda': None, 'args': (), 'state': 'running', 'program': '<python with no main file>', 'codePathLocal': None, 'host': 'Artems-MacBook-Pro.local', 'username': 'artemon', 'executable': '/Users/artemon/.local/share/virtualenvs/RNN-j8Y16Los/bin/python', 'cpu_count': 10, 'cpu_count_logical': 10, 'cpu_freq': {'current': 3228, 'min': 600, 'max': 3228}, 'cpu_freq_per_core': [{'current': 3228, 'min': 600, 'max': 3228}], 'disk': {'/': {'total': 926.3517189025879, 'used': 9.539703369140625}}, 'gpuapple': {'type': 'arm', 'vendor': 'Apple'}, 'memory': {'total': 32.0}}
2024-04-07 08:55:26,445 INFO    HandlerThread:53319 [system_monitor.py:probe():224] Finished collecting system info
2024-04-07 08:55:26,445 INFO    HandlerThread:53319 [system_monitor.py:probe():227] Publishing system info
2024-04-07 08:55:26,445 INFO    HandlerThread:53319 [system_monitor.py:probe():229] Finished publishing system info
2024-04-07 08:55:26,448 DEBUG   SenderThread:53319 [sender.py:send():379] send: files
2024-04-07 08:55:26,448 INFO    SenderThread:53319 [sender.py:_save_file():1390] saving file wandb-metadata.json with policy now
2024-04-07 08:55:26,495 DEBUG   HandlerThread:53319 [handler.py:handle_request():146] handle_request: python_packages
2024-04-07 08:55:26,495 DEBUG   HandlerThread:53319 [handler.py:handle_request():146] handle_request: stop_status
2024-04-07 08:55:26,496 DEBUG   SenderThread:53319 [sender.py:send_request():406] send_request: python_packages
2024-04-07 08:55:26,496 DEBUG   SenderThread:53319 [sender.py:send_request():406] send_request: stop_status
2024-04-07 08:55:26,497 DEBUG   HandlerThread:53319 [handler.py:handle_request():146] handle_request: internal_messages
2024-04-07 08:55:26,925 DEBUG   SenderThread:53319 [sender.py:send():379] send: telemetry
2024-04-07 08:55:27,121 INFO    Thread-12 :53319 [dir_watcher.py:_on_file_created():271] file/dir created: /Users/artemon/Library/Mobile Documents/com~apple~CloudDocs/Programming/python_projects/RNN/wandb/run-20240407_085507-sx8bh6qt/files/wandb-metadata.json
2024-04-07 08:55:27,121 INFO    Thread-12 :53319 [dir_watcher.py:_on_file_created():271] file/dir created: /Users/artemon/Library/Mobile Documents/com~apple~CloudDocs/Programming/python_projects/RNN/wandb/run-20240407_085507-sx8bh6qt/files/output.log
2024-04-07 08:55:27,121 INFO    Thread-12 :53319 [dir_watcher.py:_on_file_created():271] file/dir created: /Users/artemon/Library/Mobile Documents/com~apple~CloudDocs/Programming/python_projects/RNN/wandb/run-20240407_085507-sx8bh6qt/files/requirements.txt
2024-04-07 08:55:27,495 INFO    wandb-upload_0:53319 [upload_job.py:push():131] Uploaded file /var/folders/hk/5434dpv95nl2rxl497d7c0lm0000gn/T/tmptzuulh87wandb/41c5s08d-wandb-metadata.json
2024-04-07 08:55:29,213 INFO    Thread-12 :53319 [dir_watcher.py:_on_file_modified():288] file/dir modified: /Users/artemon/Library/Mobile Documents/com~apple~CloudDocs/Programming/python_projects/RNN/wandb/run-20240407_085507-sx8bh6qt/files/output.log
2024-04-07 08:55:31,243 INFO    Thread-12 :53319 [dir_watcher.py:_on_file_modified():288] file/dir modified: /Users/artemon/Library/Mobile Documents/com~apple~CloudDocs/Programming/python_projects/RNN/wandb/run-20240407_085507-sx8bh6qt/files/output.log
2024-04-07 08:55:31,724 DEBUG   HandlerThread:53319 [handler.py:handle_request():146] handle_request: status_report
2024-04-07 08:55:36,172 DEBUG   HandlerThread:53319 [handler.py:handle_request():146] handle_request: pause
2024-04-07 08:55:36,173 INFO    HandlerThread:53319 [handler.py:handle_request_pause():708] stopping system metrics thread
2024-04-07 08:55:36,173 INFO    HandlerThread:53319 [system_monitor.py:finish():203] Stopping system monitor
2024-04-07 08:55:36,174 DEBUG   SystemMonitor:53319 [system_monitor.py:_start():172] Starting system metrics aggregation loop
2024-04-07 08:55:36,174 DEBUG   SystemMonitor:53319 [system_monitor.py:_start():179] Finished system metrics aggregation loop
2024-04-07 08:55:36,174 DEBUG   SystemMonitor:53319 [system_monitor.py:_start():183] Publishing last batch of metrics
2024-04-07 08:55:36,174 INFO    HandlerThread:53319 [interfaces.py:finish():202] Joined cpu monitor
2024-04-07 08:55:36,174 INFO    HandlerThread:53319 [interfaces.py:finish():202] Joined disk monitor
2024-04-07 08:55:37,107 INFO    HandlerThread:53319 [interfaces.py:finish():202] Joined gpuapple monitor
2024-04-07 08:55:37,108 INFO    HandlerThread:53319 [interfaces.py:finish():202] Joined memory monitor
2024-04-07 08:55:37,108 INFO    HandlerThread:53319 [interfaces.py:finish():202] Joined network monitor
2024-04-07 08:55:37,108 DEBUG   HandlerThread:53319 [handler.py:handle_request():146] handle_request: status_report
2024-04-07 08:55:37,108 DEBUG   SenderThread:53319 [sender.py:send():379] send: telemetry
2024-04-07 08:55:37,108 DEBUG   SenderThread:53319 [sender.py:send():379] send: stats
2024-04-07 08:55:41,521 DEBUG   HandlerThread:53319 [handler.py:handle_request():146] handle_request: stop_status
2024-04-07 08:55:41,522 DEBUG   HandlerThread:53319 [handler.py:handle_request():146] handle_request: internal_messages
2024-04-07 08:55:41,522 DEBUG   SenderThread:53319 [sender.py:send_request():406] send_request: stop_status
2024-04-07 08:55:41,937 DEBUG   HandlerThread:53319 [handler.py:handle_request():146] handle_request: status_report
2024-04-07 08:55:42,287 INFO    Thread-12 :53319 [dir_watcher.py:_on_file_modified():288] file/dir modified: /Users/artemon/Library/Mobile Documents/com~apple~CloudDocs/Programming/python_projects/RNN/wandb/run-20240407_085507-sx8bh6qt/files/config.yaml
2024-04-07 08:55:47,213 DEBUG   HandlerThread:53319 [handler.py:handle_request():146] handle_request: status_report
2024-04-07 08:55:52,237 DEBUG   HandlerThread:53319 [handler.py:handle_request():146] handle_request: status_report
2024-04-07 08:55:56,529 DEBUG   HandlerThread:53319 [handler.py:handle_request():146] handle_request: stop_status
2024-04-07 08:55:56,530 DEBUG   SenderThread:53319 [sender.py:send_request():406] send_request: stop_status
2024-04-07 08:55:56,531 DEBUG   HandlerThread:53319 [handler.py:handle_request():146] handle_request: internal_messages
2024-04-07 08:55:57,868 DEBUG   HandlerThread:53319 [handler.py:handle_request():146] handle_request: status_report
2024-04-07 08:56:02,882 DEBUG   HandlerThread:53319 [handler.py:handle_request():146] handle_request: status_report
2024-04-07 08:56:07,902 DEBUG   HandlerThread:53319 [handler.py:handle_request():146] handle_request: status_report
2024-04-07 08:56:11,537 DEBUG   HandlerThread:53319 [handler.py:handle_request():146] handle_request: stop_status
2024-04-07 08:56:11,537 DEBUG   SenderThread:53319 [sender.py:send_request():406] send_request: stop_status
2024-04-07 08:56:11,539 DEBUG   HandlerThread:53319 [handler.py:handle_request():146] handle_request: internal_messages
2024-04-07 08:56:13,119 DEBUG   HandlerThread:53319 [handler.py:handle_request():146] handle_request: status_report
2024-04-07 08:56:13,947 DEBUG   HandlerThread:53319 [handler.py:handle_request():146] handle_request: resume
2024-04-07 08:56:13,948 INFO    HandlerThread:53319 [handler.py:handle_request_resume():699] starting system metrics thread
2024-04-07 08:56:13,948 INFO    HandlerThread:53319 [system_monitor.py:start():194] Starting system monitor
2024-04-07 08:56:13,948 INFO    SystemMonitor:53319 [system_monitor.py:_start():158] Starting system asset monitoring threads
2024-04-07 08:56:13,948 INFO    SystemMonitor:53319 [interfaces.py:start():190] Started cpu monitoring
2024-04-07 08:56:13,949 INFO    SystemMonitor:53319 [interfaces.py:start():190] Started disk monitoring
2024-04-07 08:56:13,951 INFO    SystemMonitor:53319 [interfaces.py:start():190] Started gpuapple monitoring
2024-04-07 08:56:13,953 INFO    SystemMonitor:53319 [interfaces.py:start():190] Started memory monitoring
2024-04-07 08:56:13,953 DEBUG   HandlerThread:53319 [handler.py:handle_request():146] handle_request: pause
2024-04-07 08:56:13,954 INFO    HandlerThread:53319 [handler.py:handle_request_pause():708] stopping system metrics thread
2024-04-07 08:56:13,954 INFO    HandlerThread:53319 [system_monitor.py:finish():203] Stopping system monitor
2024-04-07 08:56:13,954 INFO    SystemMonitor:53319 [interfaces.py:start():190] Started network monitoring
2024-04-07 08:56:13,954 DEBUG   SystemMonitor:53319 [system_monitor.py:_start():172] Starting system metrics aggregation loop
2024-04-07 08:56:13,954 DEBUG   SystemMonitor:53319 [system_monitor.py:_start():179] Finished system metrics aggregation loop
2024-04-07 08:56:13,954 DEBUG   SystemMonitor:53319 [system_monitor.py:_start():183] Publishing last batch of metrics
2024-04-07 08:56:13,954 INFO    HandlerThread:53319 [interfaces.py:finish():202] Joined cpu monitor
2024-04-07 08:56:13,955 INFO    HandlerThread:53319 [interfaces.py:finish():202] Joined disk monitor
2024-04-07 08:56:15,029 INFO    HandlerThread:53319 [interfaces.py:finish():202] Joined gpuapple monitor
2024-04-07 08:56:15,029 INFO    HandlerThread:53319 [interfaces.py:finish():202] Joined memory monitor
2024-04-07 08:56:15,029 INFO    HandlerThread:53319 [interfaces.py:finish():202] Joined network monitor
2024-04-07 08:56:15,029 DEBUG   SenderThread:53319 [sender.py:send():379] send: stats
2024-04-07 08:56:19,045 DEBUG   HandlerThread:53319 [handler.py:handle_request():146] handle_request: status_report
2024-04-07 08:56:20,210 DEBUG   HandlerThread:53319 [handler.py:handle_request():146] handle_request: resume
2024-04-07 08:56:20,210 INFO    HandlerThread:53319 [handler.py:handle_request_resume():699] starting system metrics thread
2024-04-07 08:56:20,210 INFO    HandlerThread:53319 [system_monitor.py:start():194] Starting system monitor
2024-04-07 08:56:20,210 INFO    SystemMonitor:53319 [system_monitor.py:_start():158] Starting system asset monitoring threads
2024-04-07 08:56:20,211 INFO    SystemMonitor:53319 [interfaces.py:start():190] Started cpu monitoring
2024-04-07 08:56:20,211 INFO    SystemMonitor:53319 [interfaces.py:start():190] Started disk monitoring
2024-04-07 08:56:20,211 INFO    SystemMonitor:53319 [interfaces.py:start():190] Started gpuapple monitoring
2024-04-07 08:56:20,214 DEBUG   HandlerThread:53319 [handler.py:handle_request():146] handle_request: pause
2024-04-07 08:56:20,214 INFO    HandlerThread:53319 [handler.py:handle_request_pause():708] stopping system metrics thread
2024-04-07 08:56:20,214 INFO    SystemMonitor:53319 [interfaces.py:start():190] Started memory monitoring
2024-04-07 08:56:20,215 INFO    HandlerThread:53319 [system_monitor.py:finish():203] Stopping system monitor
2024-04-07 08:56:20,215 INFO    SystemMonitor:53319 [interfaces.py:start():190] Started network monitoring
2024-04-07 08:56:20,215 DEBUG   SystemMonitor:53319 [system_monitor.py:_start():172] Starting system metrics aggregation loop
2024-04-07 08:56:20,215 INFO    HandlerThread:53319 [interfaces.py:finish():202] Joined cpu monitor
2024-04-07 08:56:20,215 DEBUG   SystemMonitor:53319 [system_monitor.py:_start():179] Finished system metrics aggregation loop
2024-04-07 08:56:20,215 DEBUG   SystemMonitor:53319 [system_monitor.py:_start():183] Publishing last batch of metrics
2024-04-07 08:56:20,215 INFO    HandlerThread:53319 [interfaces.py:finish():202] Joined disk monitor
2024-04-07 08:56:21,271 INFO    HandlerThread:53319 [interfaces.py:finish():202] Joined gpuapple monitor
2024-04-07 08:56:21,271 INFO    HandlerThread:53319 [interfaces.py:finish():202] Joined memory monitor
2024-04-07 08:56:21,271 INFO    HandlerThread:53319 [interfaces.py:finish():202] Joined network monitor
2024-04-07 08:56:21,271 DEBUG   SenderThread:53319 [sender.py:send():379] send: stats
2024-04-07 08:56:23,325 DEBUG   HandlerThread:53319 [handler.py:handle_request():146] handle_request: resume
2024-04-07 08:56:23,325 INFO    HandlerThread:53319 [handler.py:handle_request_resume():699] starting system metrics thread
2024-04-07 08:56:23,325 INFO    HandlerThread:53319 [system_monitor.py:start():194] Starting system monitor
2024-04-07 08:56:23,325 INFO    SystemMonitor:53319 [system_monitor.py:_start():158] Starting system asset monitoring threads
2024-04-07 08:56:23,326 INFO    SystemMonitor:53319 [interfaces.py:start():190] Started cpu monitoring
2024-04-07 08:56:23,326 INFO    SystemMonitor:53319 [interfaces.py:start():190] Started disk monitoring
2024-04-07 08:56:23,327 INFO    SystemMonitor:53319 [interfaces.py:start():190] Started gpuapple monitoring
2024-04-07 08:56:23,329 INFO    SystemMonitor:53319 [interfaces.py:start():190] Started memory monitoring
2024-04-07 08:56:23,329 DEBUG   HandlerThread:53319 [handler.py:handle_request():146] handle_request: pause
2024-04-07 08:56:23,330 INFO    HandlerThread:53319 [handler.py:handle_request_pause():708] stopping system metrics thread
2024-04-07 08:56:23,330 INFO    HandlerThread:53319 [system_monitor.py:finish():203] Stopping system monitor
2024-04-07 08:56:23,330 INFO    SystemMonitor:53319 [interfaces.py:start():190] Started network monitoring
2024-04-07 08:56:23,331 DEBUG   SystemMonitor:53319 [system_monitor.py:_start():172] Starting system metrics aggregation loop
2024-04-07 08:56:23,331 DEBUG   SystemMonitor:53319 [system_monitor.py:_start():179] Finished system metrics aggregation loop
2024-04-07 08:56:23,331 DEBUG   SystemMonitor:53319 [system_monitor.py:_start():183] Publishing last batch of metrics
2024-04-07 08:56:23,331 INFO    HandlerThread:53319 [interfaces.py:finish():202] Joined cpu monitor
2024-04-07 08:56:23,331 INFO    HandlerThread:53319 [interfaces.py:finish():202] Joined disk monitor
2024-04-07 08:56:24,368 INFO    HandlerThread:53319 [interfaces.py:finish():202] Joined gpuapple monitor
2024-04-07 08:56:24,369 INFO    HandlerThread:53319 [interfaces.py:finish():202] Joined memory monitor
2024-04-07 08:56:24,369 INFO    HandlerThread:53319 [interfaces.py:finish():202] Joined network monitor
2024-04-07 08:56:24,369 DEBUG   HandlerThread:53319 [handler.py:handle_request():146] handle_request: status_report
2024-04-07 08:56:24,369 DEBUG   SenderThread:53319 [sender.py:send():379] send: stats
2024-04-07 08:56:24,979 DEBUG   HandlerThread:53319 [handler.py:handle_request():146] handle_request: resume
2024-04-07 08:56:24,979 INFO    HandlerThread:53319 [handler.py:handle_request_resume():699] starting system metrics thread
2024-04-07 08:56:24,979 INFO    HandlerThread:53319 [system_monitor.py:start():194] Starting system monitor
2024-04-07 08:56:24,979 INFO    SystemMonitor:53319 [system_monitor.py:_start():158] Starting system asset monitoring threads
2024-04-07 08:56:24,979 INFO    SystemMonitor:53319 [interfaces.py:start():190] Started cpu monitoring
2024-04-07 08:56:24,980 INFO    SystemMonitor:53319 [interfaces.py:start():190] Started disk monitoring
2024-04-07 08:56:24,983 INFO    SystemMonitor:53319 [interfaces.py:start():190] Started gpuapple monitoring
2024-04-07 08:56:24,983 DEBUG   HandlerThread:53319 [handler.py:handle_request():146] handle_request: pause
2024-04-07 08:56:24,983 INFO    HandlerThread:53319 [handler.py:handle_request_pause():708] stopping system metrics thread
2024-04-07 08:56:24,984 INFO    HandlerThread:53319 [system_monitor.py:finish():203] Stopping system monitor
2024-04-07 08:56:24,984 INFO    SystemMonitor:53319 [interfaces.py:start():190] Started memory monitoring
2024-04-07 08:56:24,985 DEBUG   SystemMonitor:53319 [system_monitor.py:_start():172] Starting system metrics aggregation loop
2024-04-07 08:56:24,985 INFO    HandlerThread:53319 [interfaces.py:finish():202] Joined cpu monitor
2024-04-07 08:56:24,985 DEBUG   SystemMonitor:53319 [system_monitor.py:_start():179] Finished system metrics aggregation loop
2024-04-07 08:56:24,985 DEBUG   SystemMonitor:53319 [system_monitor.py:_start():183] Publishing last batch of metrics
2024-04-07 08:56:24,985 INFO    HandlerThread:53319 [interfaces.py:finish():202] Joined disk monitor
2024-04-07 08:56:26,097 INFO    HandlerThread:53319 [interfaces.py:finish():202] Joined gpuapple monitor
2024-04-07 08:56:26,097 INFO    HandlerThread:53319 [interfaces.py:finish():202] Joined memory monitor
2024-04-07 08:56:26,097 DEBUG   SenderThread:53319 [sender.py:send():379] send: stats
2024-04-07 08:56:26,542 DEBUG   HandlerThread:53319 [handler.py:handle_request():146] handle_request: stop_status
2024-04-07 08:56:26,543 DEBUG   SenderThread:53319 [sender.py:send_request():406] send_request: stop_status
2024-04-07 08:56:26,544 DEBUG   HandlerThread:53319 [handler.py:handle_request():146] handle_request: internal_messages
2024-04-07 08:56:27,030 DEBUG   HandlerThread:53319 [handler.py:handle_request():146] handle_request: resume
2024-04-07 08:56:27,030 INFO    HandlerThread:53319 [handler.py:handle_request_resume():699] starting system metrics thread
2024-04-07 08:56:27,030 INFO    HandlerThread:53319 [system_monitor.py:start():194] Starting system monitor
2024-04-07 08:56:27,030 INFO    SystemMonitor:53319 [system_monitor.py:_start():158] Starting system asset monitoring threads
2024-04-07 08:56:27,031 INFO    SystemMonitor:53319 [interfaces.py:start():190] Started cpu monitoring
2024-04-07 08:56:27,031 INFO    SystemMonitor:53319 [interfaces.py:start():190] Started disk monitoring
2024-04-07 08:56:27,033 INFO    SystemMonitor:53319 [interfaces.py:start():190] Started gpuapple monitoring
2024-04-07 08:56:27,034 INFO    SystemMonitor:53319 [interfaces.py:start():190] Started memory monitoring
2024-04-07 08:56:27,035 INFO    SystemMonitor:53319 [interfaces.py:start():190] Started network monitoring
2024-04-07 08:56:27,715 DEBUG   HandlerThread:53319 [handler.py:handle_request():146] handle_request: pause
2024-04-07 08:56:27,715 INFO    HandlerThread:53319 [handler.py:handle_request_pause():708] stopping system metrics thread
2024-04-07 08:56:27,715 INFO    HandlerThread:53319 [system_monitor.py:finish():203] Stopping system monitor
2024-04-07 08:56:27,715 INFO    HandlerThread:53319 [interfaces.py:finish():202] Joined cpu monitor
2024-04-07 08:56:27,716 INFO    HandlerThread:53319 [interfaces.py:finish():202] Joined disk monitor
2024-04-07 08:56:27,716 DEBUG   SystemMonitor:53319 [system_monitor.py:_start():172] Starting system metrics aggregation loop
2024-04-07 08:56:27,716 DEBUG   SystemMonitor:53319 [system_monitor.py:_start():179] Finished system metrics aggregation loop
2024-04-07 08:56:27,716 DEBUG   SystemMonitor:53319 [system_monitor.py:_start():183] Publishing last batch of metrics
2024-04-07 08:56:28,167 INFO    HandlerThread:53319 [interfaces.py:finish():202] Joined gpuapple monitor
2024-04-07 08:56:28,168 INFO    HandlerThread:53319 [interfaces.py:finish():202] Joined memory monitor
2024-04-07 08:56:28,168 INFO    HandlerThread:53319 [interfaces.py:finish():202] Joined network monitor
2024-04-07 08:56:28,168 DEBUG   SenderThread:53319 [sender.py:send():379] send: stats
2024-04-07 08:56:28,317 DEBUG   HandlerThread:53319 [handler.py:handle_request():146] handle_request: resume
2024-04-07 08:56:28,317 INFO    HandlerThread:53319 [handler.py:handle_request_resume():699] starting system metrics thread
2024-04-07 08:56:28,317 INFO    HandlerThread:53319 [system_monitor.py:start():194] Starting system monitor
2024-04-07 08:56:28,317 INFO    SystemMonitor:53319 [system_monitor.py:_start():158] Starting system asset monitoring threads
2024-04-07 08:56:28,318 INFO    SystemMonitor:53319 [interfaces.py:start():190] Started cpu monitoring
2024-04-07 08:56:28,318 INFO    SystemMonitor:53319 [interfaces.py:start():190] Started disk monitoring
2024-04-07 08:56:28,320 INFO    SystemMonitor:53319 [interfaces.py:start():190] Started gpuapple monitoring
2024-04-07 08:56:28,321 DEBUG   HandlerThread:53319 [handler.py:handle_request():146] handle_request: pause
2024-04-07 08:56:28,322 INFO    HandlerThread:53319 [handler.py:handle_request_pause():708] stopping system metrics thread
2024-04-07 08:56:28,322 INFO    SystemMonitor:53319 [interfaces.py:start():190] Started memory monitoring
2024-04-07 08:56:28,322 INFO    HandlerThread:53319 [system_monitor.py:finish():203] Stopping system monitor
2024-04-07 08:56:28,322 INFO    HandlerThread:53319 [interfaces.py:finish():202] Joined cpu monitor
2024-04-07 08:56:28,322 INFO    SystemMonitor:53319 [interfaces.py:start():190] Started network monitoring
2024-04-07 08:56:28,322 INFO    HandlerThread:53319 [interfaces.py:finish():202] Joined disk monitor
2024-04-07 08:56:28,323 DEBUG   SystemMonitor:53319 [system_monitor.py:_start():172] Starting system metrics aggregation loop
2024-04-07 08:56:28,323 DEBUG   SystemMonitor:53319 [system_monitor.py:_start():179] Finished system metrics aggregation loop
2024-04-07 08:56:28,323 DEBUG   SystemMonitor:53319 [system_monitor.py:_start():183] Publishing last batch of metrics
2024-04-07 08:56:29,326 INFO    HandlerThread:53319 [interfaces.py:finish():202] Joined gpuapple monitor
2024-04-07 08:56:29,326 INFO    HandlerThread:53319 [interfaces.py:finish():202] Joined memory monitor
2024-04-07 08:56:29,326 INFO    HandlerThread:53319 [interfaces.py:finish():202] Joined network monitor
2024-04-07 08:56:29,326 DEBUG   HandlerThread:53319 [handler.py:handle_request():146] handle_request: resume
2024-04-07 08:56:29,326 INFO    HandlerThread:53319 [handler.py:handle_request_resume():699] starting system metrics thread
2024-04-07 08:56:29,326 DEBUG   SenderThread:53319 [sender.py:send():379] send: stats
2024-04-07 08:56:29,326 INFO    HandlerThread:53319 [system_monitor.py:start():194] Starting system monitor
2024-04-07 08:56:29,326 INFO    SystemMonitor:53319 [system_monitor.py:_start():158] Starting system asset monitoring threads
2024-04-07 08:56:29,327 DEBUG   HandlerThread:53319 [handler.py:handle_request():146] handle_request: status_report
2024-04-07 08:56:29,327 INFO    SystemMonitor:53319 [interfaces.py:start():190] Started cpu monitoring
2024-04-07 08:56:29,327 DEBUG   SenderThread:53319 [sender.py:send():379] send: telemetry
2024-04-07 08:56:29,327 DEBUG   SenderThread:53319 [sender.py:send():379] send: exit
2024-04-07 08:56:29,327 INFO    SenderThread:53319 [sender.py:send_exit():586] handling exit code: 0
2024-04-07 08:56:29,327 INFO    SenderThread:53319 [sender.py:send_exit():588] handling runtime: 17
2024-04-07 08:56:29,328 INFO    SystemMonitor:53319 [interfaces.py:start():190] Started disk monitoring
2024-04-07 08:56:29,330 INFO    SystemMonitor:53319 [interfaces.py:start():190] Started gpuapple monitoring
2024-04-07 08:56:29,330 INFO    SystemMonitor:53319 [interfaces.py:start():190] Started memory monitoring
2024-04-07 08:56:29,331 INFO    SystemMonitor:53319 [interfaces.py:start():190] Started network monitoring
2024-04-07 08:56:29,331 INFO    SenderThread:53319 [sender.py:_save_file():1390] saving file wandb-summary.json with policy end
2024-04-07 08:56:29,331 INFO    SenderThread:53319 [sender.py:send_exit():594] send defer
2024-04-07 08:56:29,331 DEBUG   HandlerThread:53319 [handler.py:handle_request():146] handle_request: defer
2024-04-07 08:56:29,331 INFO    HandlerThread:53319 [handler.py:handle_request_defer():172] handle defer: 0
2024-04-07 08:56:29,332 DEBUG   SenderThread:53319 [sender.py:send_request():406] send_request: defer
2024-04-07 08:56:29,332 INFO    SenderThread:53319 [sender.py:send_request_defer():610] handle sender defer: 0
2024-04-07 08:56:29,332 INFO    SenderThread:53319 [sender.py:transition_state():614] send defer: 1
2024-04-07 08:56:29,332 DEBUG   HandlerThread:53319 [handler.py:handle_request():146] handle_request: defer
2024-04-07 08:56:29,332 INFO    HandlerThread:53319 [handler.py:handle_request_defer():172] handle defer: 1
2024-04-07 08:56:29,332 DEBUG   SenderThread:53319 [sender.py:send_request():406] send_request: defer
2024-04-07 08:56:29,332 INFO    SenderThread:53319 [sender.py:send_request_defer():610] handle sender defer: 1
2024-04-07 08:56:29,332 INFO    SenderThread:53319 [sender.py:transition_state():614] send defer: 2
2024-04-07 08:56:29,332 DEBUG   HandlerThread:53319 [handler.py:handle_request():146] handle_request: defer
2024-04-07 08:56:29,332 INFO    HandlerThread:53319 [handler.py:handle_request_defer():172] handle defer: 2
2024-04-07 08:56:29,332 INFO    HandlerThread:53319 [system_monitor.py:finish():203] Stopping system monitor
2024-04-07 08:56:29,332 INFO    HandlerThread:53319 [interfaces.py:finish():202] Joined cpu monitor
2024-04-07 08:56:29,332 DEBUG   SystemMonitor:53319 [system_monitor.py:_start():172] Starting system metrics aggregation loop
2024-04-07 08:56:29,332 DEBUG   SystemMonitor:53319 [system_monitor.py:_start():179] Finished system metrics aggregation loop
2024-04-07 08:56:29,332 DEBUG   SystemMonitor:53319 [system_monitor.py:_start():183] Publishing last batch of metrics
2024-04-07 08:56:29,332 INFO    HandlerThread:53319 [interfaces.py:finish():202] Joined disk monitor
2024-04-07 08:56:29,491 INFO    Thread-12 :53319 [dir_watcher.py:_on_file_created():271] file/dir created: /Users/artemon/Library/Mobile Documents/com~apple~CloudDocs/Programming/python_projects/RNN/wandb/run-20240407_085507-sx8bh6qt/files/wandb-summary.json
2024-04-07 08:56:30,202 INFO    HandlerThread:53319 [interfaces.py:finish():202] Joined gpuapple monitor
2024-04-07 08:56:30,202 INFO    HandlerThread:53319 [interfaces.py:finish():202] Joined memory monitor
2024-04-07 08:56:30,202 INFO    HandlerThread:53319 [interfaces.py:finish():202] Joined network monitor
2024-04-07 08:56:30,203 DEBUG   SenderThread:53319 [sender.py:send_request():406] send_request: defer
2024-04-07 08:56:30,203 INFO    SenderThread:53319 [sender.py:send_request_defer():610] handle sender defer: 2
2024-04-07 08:56:30,203 INFO    SenderThread:53319 [sender.py:transition_state():614] send defer: 3
2024-04-07 08:56:30,203 DEBUG   SenderThread:53319 [sender.py:send():379] send: stats
2024-04-07 08:56:30,203 DEBUG   HandlerThread:53319 [handler.py:handle_request():146] handle_request: defer
2024-04-07 08:56:30,203 INFO    HandlerThread:53319 [handler.py:handle_request_defer():172] handle defer: 3
2024-04-07 08:56:30,203 DEBUG   SenderThread:53319 [sender.py:send_request():406] send_request: defer
2024-04-07 08:56:30,203 INFO    SenderThread:53319 [sender.py:send_request_defer():610] handle sender defer: 3
2024-04-07 08:56:30,203 INFO    SenderThread:53319 [sender.py:transition_state():614] send defer: 4
2024-04-07 08:56:30,203 DEBUG   HandlerThread:53319 [handler.py:handle_request():146] handle_request: defer
2024-04-07 08:56:30,203 INFO    HandlerThread:53319 [handler.py:handle_request_defer():172] handle defer: 4
2024-04-07 08:56:30,204 DEBUG   SenderThread:53319 [sender.py:send_request():406] send_request: defer
2024-04-07 08:56:30,204 INFO    SenderThread:53319 [sender.py:send_request_defer():610] handle sender defer: 4
2024-04-07 08:56:30,204 INFO    SenderThread:53319 [sender.py:transition_state():614] send defer: 5
2024-04-07 08:56:30,204 DEBUG   HandlerThread:53319 [handler.py:handle_request():146] handle_request: defer
2024-04-07 08:56:30,204 INFO    HandlerThread:53319 [handler.py:handle_request_defer():172] handle defer: 5
2024-04-07 08:56:30,204 DEBUG   SenderThread:53319 [sender.py:send():379] send: summary
2024-04-07 08:56:30,204 INFO    SenderThread:53319 [sender.py:_save_file():1390] saving file wandb-summary.json with policy end
2024-04-07 08:56:30,204 DEBUG   SenderThread:53319 [sender.py:send_request():406] send_request: defer
2024-04-07 08:56:30,204 INFO    SenderThread:53319 [sender.py:send_request_defer():610] handle sender defer: 5
2024-04-07 08:56:30,204 INFO    SenderThread:53319 [sender.py:transition_state():614] send defer: 6
2024-04-07 08:56:30,204 DEBUG   HandlerThread:53319 [handler.py:handle_request():146] handle_request: defer
2024-04-07 08:56:30,204 INFO    HandlerThread:53319 [handler.py:handle_request_defer():172] handle defer: 6
2024-04-07 08:56:30,204 DEBUG   SenderThread:53319 [sender.py:send_request():406] send_request: defer
2024-04-07 08:56:30,204 INFO    SenderThread:53319 [sender.py:send_request_defer():610] handle sender defer: 6
2024-04-07 08:56:30,206 DEBUG   HandlerThread:53319 [handler.py:handle_request():146] handle_request: status_report
2024-04-07 08:56:30,213 DEBUG   HandlerThread:53319 [handler.py:handle_request():146] handle_request: poll_exit
2024-04-07 08:56:30,458 INFO    SenderThread:53319 [sender.py:transition_state():614] send defer: 7
2024-04-07 08:56:30,458 DEBUG   SenderThread:53319 [sender.py:send_request():406] send_request: poll_exit
2024-04-07 08:56:30,458 DEBUG   HandlerThread:53319 [handler.py:handle_request():146] handle_request: defer
2024-04-07 08:56:30,459 INFO    HandlerThread:53319 [handler.py:handle_request_defer():172] handle defer: 7
2024-04-07 08:56:30,459 DEBUG   SenderThread:53319 [sender.py:send_request():406] send_request: defer
2024-04-07 08:56:30,459 INFO    SenderThread:53319 [sender.py:send_request_defer():610] handle sender defer: 7
2024-04-07 08:56:30,492 INFO    Thread-12 :53319 [dir_watcher.py:_on_file_modified():288] file/dir modified: /Users/artemon/Library/Mobile Documents/com~apple~CloudDocs/Programming/python_projects/RNN/wandb/run-20240407_085507-sx8bh6qt/files/wandb-summary.json
2024-04-07 08:56:30,492 INFO    Thread-12 :53319 [dir_watcher.py:_on_file_modified():288] file/dir modified: /Users/artemon/Library/Mobile Documents/com~apple~CloudDocs/Programming/python_projects/RNN/wandb/run-20240407_085507-sx8bh6qt/files/config.yaml
2024-04-07 08:56:31,220 DEBUG   HandlerThread:53319 [handler.py:handle_request():146] handle_request: poll_exit
2024-04-07 08:56:32,722 INFO    SenderThread:53319 [sender.py:transition_state():614] send defer: 8
2024-04-07 08:56:32,723 DEBUG   SenderThread:53319 [sender.py:send_request():406] send_request: poll_exit
2024-04-07 08:56:32,723 DEBUG   HandlerThread:53319 [handler.py:handle_request():146] handle_request: defer
2024-04-07 08:56:32,723 INFO    HandlerThread:53319 [handler.py:handle_request_defer():172] handle defer: 8
2024-04-07 08:56:32,724 DEBUG   SenderThread:53319 [sender.py:send_request():406] send_request: defer
2024-04-07 08:56:32,724 INFO    SenderThread:53319 [sender.py:send_request_defer():610] handle sender defer: 8
2024-04-07 08:56:32,724 INFO    SenderThread:53319 [job_builder.py:build():318] Attempting to build job artifact
2024-04-07 08:56:32,725 INFO    SenderThread:53319 [job_builder.py:_get_source_type():466] no source found
2024-04-07 08:56:32,725 INFO    SenderThread:53319 [sender.py:transition_state():614] send defer: 9
2024-04-07 08:56:32,725 DEBUG   HandlerThread:53319 [handler.py:handle_request():146] handle_request: defer
2024-04-07 08:56:32,725 INFO    HandlerThread:53319 [handler.py:handle_request_defer():172] handle defer: 9
2024-04-07 08:56:32,725 DEBUG   SenderThread:53319 [sender.py:send_request():406] send_request: defer
2024-04-07 08:56:32,725 INFO    SenderThread:53319 [sender.py:send_request_defer():610] handle sender defer: 9
2024-04-07 08:56:32,725 INFO    SenderThread:53319 [dir_watcher.py:finish():358] shutting down directory watcher
2024-04-07 08:56:33,228 DEBUG   HandlerThread:53319 [handler.py:handle_request():146] handle_request: poll_exit
2024-04-07 08:56:33,504 INFO    SenderThread:53319 [dir_watcher.py:_on_file_modified():288] file/dir modified: /Users/artemon/Library/Mobile Documents/com~apple~CloudDocs/Programming/python_projects/RNN/wandb/run-20240407_085507-sx8bh6qt/files/output.log
2024-04-07 08:56:33,505 INFO    SenderThread:53319 [dir_watcher.py:finish():388] scan: /Users/artemon/Library/Mobile Documents/com~apple~CloudDocs/Programming/python_projects/RNN/wandb/run-20240407_085507-sx8bh6qt/files
2024-04-07 08:56:33,505 INFO    SenderThread:53319 [dir_watcher.py:finish():402] scan save: /Users/artemon/Library/Mobile Documents/com~apple~CloudDocs/Programming/python_projects/RNN/wandb/run-20240407_085507-sx8bh6qt/files/requirements.txt requirements.txt
2024-04-07 08:56:33,505 INFO    SenderThread:53319 [dir_watcher.py:finish():402] scan save: /Users/artemon/Library/Mobile Documents/com~apple~CloudDocs/Programming/python_projects/RNN/wandb/run-20240407_085507-sx8bh6qt/files/output.log output.log
2024-04-07 08:56:33,505 INFO    SenderThread:53319 [dir_watcher.py:finish():402] scan save: /Users/artemon/Library/Mobile Documents/com~apple~CloudDocs/Programming/python_projects/RNN/wandb/run-20240407_085507-sx8bh6qt/files/config.yaml config.yaml
2024-04-07 08:56:33,508 INFO    SenderThread:53319 [dir_watcher.py:finish():402] scan save: /Users/artemon/Library/Mobile Documents/com~apple~CloudDocs/Programming/python_projects/RNN/wandb/run-20240407_085507-sx8bh6qt/files/wandb-summary.json wandb-summary.json
2024-04-07 08:56:33,508 INFO    SenderThread:53319 [dir_watcher.py:finish():402] scan save: /Users/artemon/Library/Mobile Documents/com~apple~CloudDocs/Programming/python_projects/RNN/wandb/run-20240407_085507-sx8bh6qt/files/wandb-metadata.json wandb-metadata.json
2024-04-07 08:56:33,510 INFO    SenderThread:53319 [sender.py:transition_state():614] send defer: 10
2024-04-07 08:56:33,510 DEBUG   SenderThread:53319 [sender.py:send_request():406] send_request: poll_exit
2024-04-07 08:56:33,511 DEBUG   HandlerThread:53319 [handler.py:handle_request():146] handle_request: defer
2024-04-07 08:56:33,511 INFO    HandlerThread:53319 [handler.py:handle_request_defer():172] handle defer: 10
2024-04-07 08:56:33,512 DEBUG   SenderThread:53319 [sender.py:send_request():406] send_request: defer
2024-04-07 08:56:33,512 INFO    SenderThread:53319 [sender.py:send_request_defer():610] handle sender defer: 10
2024-04-07 08:56:33,512 INFO    SenderThread:53319 [file_pusher.py:finish():172] shutting down file pusher
2024-04-07 08:56:34,034 INFO    wandb-upload_0:53319 [upload_job.py:push():131] Uploaded file /Users/artemon/Library/Mobile Documents/com~apple~CloudDocs/Programming/python_projects/RNN/wandb/run-20240407_085507-sx8bh6qt/files/output.log
2024-04-07 08:56:34,206 INFO    wandb-upload_1:53319 [upload_job.py:push():131] Uploaded file /Users/artemon/Library/Mobile Documents/com~apple~CloudDocs/Programming/python_projects/RNN/wandb/run-20240407_085507-sx8bh6qt/files/requirements.txt
2024-04-07 08:56:34,228 DEBUG   HandlerThread:53319 [handler.py:handle_request():146] handle_request: poll_exit
2024-04-07 08:56:34,229 DEBUG   SenderThread:53319 [sender.py:send_request():406] send_request: poll_exit
2024-04-07 08:56:34,354 INFO    wandb-upload_2:53319 [upload_job.py:push():131] Uploaded file /Users/artemon/Library/Mobile Documents/com~apple~CloudDocs/Programming/python_projects/RNN/wandb/run-20240407_085507-sx8bh6qt/files/config.yaml
2024-04-07 08:56:34,366 INFO    wandb-upload_3:53319 [upload_job.py:push():131] Uploaded file /Users/artemon/Library/Mobile Documents/com~apple~CloudDocs/Programming/python_projects/RNN/wandb/run-20240407_085507-sx8bh6qt/files/wandb-summary.json
2024-04-07 08:56:34,571 INFO    Thread-11 (_thread_body):53319 [sender.py:transition_state():614] send defer: 11
2024-04-07 08:56:34,571 DEBUG   HandlerThread:53319 [handler.py:handle_request():146] handle_request: defer
2024-04-07 08:56:34,572 INFO    HandlerThread:53319 [handler.py:handle_request_defer():172] handle defer: 11
2024-04-07 08:56:34,572 DEBUG   SenderThread:53319 [sender.py:send_request():406] send_request: defer
2024-04-07 08:56:34,572 INFO    SenderThread:53319 [sender.py:send_request_defer():610] handle sender defer: 11
2024-04-07 08:56:34,572 INFO    SenderThread:53319 [file_pusher.py:join():178] waiting for file pusher
2024-04-07 08:56:34,572 INFO    SenderThread:53319 [sender.py:transition_state():614] send defer: 12
2024-04-07 08:56:34,572 DEBUG   HandlerThread:53319 [handler.py:handle_request():146] handle_request: defer
2024-04-07 08:56:34,572 INFO    HandlerThread:53319 [handler.py:handle_request_defer():172] handle defer: 12
2024-04-07 08:56:34,572 DEBUG   SenderThread:53319 [sender.py:send_request():406] send_request: defer
2024-04-07 08:56:34,572 INFO    SenderThread:53319 [sender.py:send_request_defer():610] handle sender defer: 12
2024-04-07 08:56:34,572 INFO    SenderThread:53319 [file_stream.py:finish():614] file stream finish called
2024-04-07 08:56:35,232 DEBUG   HandlerThread:53319 [handler.py:handle_request():146] handle_request: poll_exit
2024-04-07 08:56:35,294 INFO    SenderThread:53319 [file_stream.py:finish():618] file stream finish is done
2024-04-07 08:56:35,294 INFO    SenderThread:53319 [sender.py:transition_state():614] send defer: 13
2024-04-07 08:56:35,294 DEBUG   SenderThread:53319 [sender.py:send_request():406] send_request: poll_exit
2024-04-07 08:56:35,294 DEBUG   HandlerThread:53319 [handler.py:handle_request():146] handle_request: defer
2024-04-07 08:56:35,294 INFO    HandlerThread:53319 [handler.py:handle_request_defer():172] handle defer: 13
2024-04-07 08:56:35,294 DEBUG   SenderThread:53319 [sender.py:send_request():406] send_request: defer
2024-04-07 08:56:35,294 INFO    SenderThread:53319 [sender.py:send_request_defer():610] handle sender defer: 13
2024-04-07 08:56:35,294 INFO    SenderThread:53319 [sender.py:transition_state():614] send defer: 14
2024-04-07 08:56:35,294 DEBUG   HandlerThread:53319 [handler.py:handle_request():146] handle_request: defer
2024-04-07 08:56:35,294 INFO    HandlerThread:53319 [handler.py:handle_request_defer():172] handle defer: 14
2024-04-07 08:56:35,295 DEBUG   SenderThread:53319 [sender.py:send():379] send: final
2024-04-07 08:56:35,295 DEBUG   SenderThread:53319 [sender.py:send():379] send: footer
2024-04-07 08:56:35,295 DEBUG   SenderThread:53319 [sender.py:send_request():406] send_request: defer
2024-04-07 08:56:35,295 INFO    SenderThread:53319 [sender.py:send_request_defer():610] handle sender defer: 14
2024-04-07 08:56:35,295 DEBUG   HandlerThread:53319 [handler.py:handle_request():146] handle_request: poll_exit
2024-04-07 08:56:35,295 DEBUG   SenderThread:53319 [sender.py:send_request():406] send_request: poll_exit
2024-04-07 08:56:35,295 DEBUG   HandlerThread:53319 [handler.py:handle_request():146] handle_request: internal_messages
2024-04-07 08:56:35,296 DEBUG   HandlerThread:53319 [handler.py:handle_request():146] handle_request: server_info
2024-04-07 08:56:35,296 DEBUG   HandlerThread:53319 [handler.py:handle_request():146] handle_request: get_summary
2024-04-07 08:56:35,296 DEBUG   SenderThread:53319 [sender.py:send_request():406] send_request: server_info
2024-04-07 08:56:35,296 DEBUG   HandlerThread:53319 [handler.py:handle_request():146] handle_request: sampled_history
2024-04-07 08:56:35,516 DEBUG   HandlerThread:53319 [handler.py:handle_request():146] handle_request: shutdown
2024-04-07 08:56:35,516 INFO    HandlerThread:53319 [handler.py:finish():866] shutting down handler
2024-04-07 08:56:36,299 INFO    WriterThread:53319 [datastore.py:close():296] close: /Users/artemon/Library/Mobile Documents/com~apple~CloudDocs/Programming/python_projects/RNN/wandb/run-20240407_085507-sx8bh6qt/run-sx8bh6qt.wandb
2024-04-07 08:56:36,520 INFO    SenderThread:53319 [sender.py:finish():1546] shutting down sender
2024-04-07 08:56:36,520 INFO    SenderThread:53319 [file_pusher.py:finish():172] shutting down file pusher
2024-04-07 08:56:36,520 INFO    SenderThread:53319 [file_pusher.py:join():178] waiting for file pusher
